<?xml version="1.0" encoding="UTF-8"?>
<!-- Generated by org.testng.reporters.JUnitReportReporter -->
<testsuite hostname="MT-31195791H" failures="0" tests="2" name="com.compri.testcases.PostalCode_TC" time="17.843" errors="0" timestamp="2021-11-17T22:19:17 IST" skipped="0">
  <testcase classname="com.compri.testcases.PostalCode_TC" name="PinCodeValidation" time="7.674"/>
  <system-out/>
  <testcase classname="com.compri.testcases.PostalCode_TC" name="PinCodeValidationN" time="10.169"/>
  <system-out/>
</testsuite> <!-- com.compri.testcases.PostalCode_TC -->
