<?xml version="1.0" encoding="UTF-8"?>
<!-- Generated by org.testng.reporters.JUnitReportReporter -->
<testsuite hostname="MT-31195791H" failures="0" tests="1" name="com.compri.testcases.GiftCard_TC" time="5.249" errors="0" timestamp="2021-11-17T22:19:17 IST" skipped="0">
  <testcase classname="com.compri.testcases.GiftCard_TC" name="GiftCardValidation" time="5.249"/>
  <system-out/>
</testsuite> <!-- com.compri.testcases.GiftCard_TC -->
