<?xml version="1.0" encoding="UTF-8"?>
<!-- Generated by org.testng.reporters.JUnitReportReporter -->
<testsuite hostname="MT-31195791H" failures="0" tests="1" name="com.compri.testcases.ProductSearchVerify_TC" time="3.395" errors="0" timestamp="2021-11-17T22:19:17 IST" skipped="0">
  <testcase classname="com.compri.testcases.ProductSearchVerify_TC" name="RelevantProductList" time="3.395"/>
  <system-out/>
</testsuite> <!-- com.compri.testcases.ProductSearchVerify_TC -->
