<?xml version="1.0" encoding="UTF-8"?>
<!-- Generated by org.testng.reporters.JUnitReportReporter -->
<testsuite hostname="MT-31195791H" failures="0" tests="1" name="com.compri.testcases.FilterLH_TC" time="11.788" errors="0" timestamp="2021-11-19T19:04:50 IST" skipped="0">
  <testcase classname="com.compri.testcases.FilterLH_TC" name="FilterSortLH" time="11.788"/>
  <system-out/>
</testsuite> <!-- com.compri.testcases.FilterLH_TC -->
