<?xml version="1.0" encoding="UTF-8"?>
<!-- Generated by org.testng.reporters.JUnitReportReporter -->
<testsuite hostname="MT-31195791H" failures="0" tests="4" name="com.compri.testcases.SignIn_TC" time="22.544" errors="0" timestamp="2021-11-17T22:19:17 IST" skipped="0">
  <testcase classname="com.compri.testcases.SignIn_TC" name="LoginToStore" time="5.878"/>
  <system-out/>
  <testcase classname="com.compri.testcases.SignIn_TC" name="LoginToStoreN" time="5.510"/>
  <system-out/>
  <testcase classname="com.compri.testcases.SignIn_TC" name="LoginToStoreN" time="5.573"/>
  <system-out/>
  <testcase classname="com.compri.testcases.SignIn_TC" name="LoginToStoreN" time="5.583"/>
  <system-out/>
</testsuite> <!-- com.compri.testcases.SignIn_TC -->
