<?xml version="1.0" encoding="UTF-8"?>
<!-- Generated by org.testng.reporters.JUnitReportReporter -->
<testsuite hostname="MT-31195791H" failures="0" tests="1" name="com.compri.testcases.WishList_TC" time="29.699" errors="0" timestamp="2021-11-17T22:19:17 IST" skipped="0">
  <testcase classname="com.compri.testcases.WishList_TC" name="WishListCart" time="29.699"/>
  <system-out/>
</testsuite> <!-- com.compri.testcases.WishList_TC -->
